#
# There is insufficient memory for the Java Runtime Environment to continue.
# Native memory allocation (mmap) failed to map 134217728 bytes for G1 virtual space
# Possible reasons:
#   The system is out of physical RAM or swap space
#   The process is running with CompressedOops enabled, and the Java Heap may be blocking the growth of the native heap
# Possible solutions:
#   Reduce memory load on the system
#   Increase physical memory or swap space
#   Check if swap backing store is full
#   Decrease Java heap size (-Xmx/-Xms)
#   Decrease number of Java threads
#   Decrease Java thread stack sizes (-Xss)
#   Set larger code cache with -XX:ReservedCodeCacheSize=
#   JVM is running with Unscaled Compressed Oops mode in which the Java heap is
#     placed in the first 4GB address space. The Java Heap base address is the
#     maximum limit for the native heap growth. Please use -XX:HeapBaseMinAddress
#     to set the Java Heap base and to place the Java Heap above 4GB virtual address.
# This output file may be truncated or incomplete.
#
#  Out of Memory Error (os_windows.cpp:3532), pid=22040, tid=22048
#
# JRE version:  (17.0.2+8) (build )
# Java VM: OpenJDK 64-Bit Server VM (17.0.2+8-86, mixed mode, sharing, tiered, compressed oops, compressed class ptrs, g1 gc, windows-amd64)
# No core dump will be written. Minidumps are not enabled by default on client versions of Windows
#

---------------  S U M M A R Y ------------

Command Line: -Dnet.bytebuddy.agent.attacher.dump= net.bytebuddy.agent.Attacher com.sun.tools.attach.VirtualMachine 20080 C:\Users\Nei\.m2\repository\net\bytebuddy\byte-buddy-agent\1.14.5\byte-buddy-agent-1.14.5.jar false 

Host: Intel(R) Core(TM) i5-3570K CPU @ 3.40GHz, 4 cores, 7G,  Windows 10 , 64 bit Build 19041 (10.0.19041.3636)
Time: Tue Apr 23 10:30:17 2024 Paris, Madrid (heure duild 19041 (10.0.19041.3636) elapsed time: 0.015707 seconds (0d 0h 0m 0s)

---------------  T H R E A D  ---------------

Current thread (0x000001f59b0b6380):  JavaThread "Unknown thread" [_thread_in_vm, id=22048, stack(0x000000d3f3300000,0x000000d3f3400000)]

Stack: [0x000000d3f3300000,0x000000d3f3400000]
Native frames: (J=compiled Java code, j=interpreted, Vv=VM code, C=native code)
V  [jvm.dll+0x670baa]
V  [jvm.dll+0x7cfcb4]
V  [jvm.dll+0x7d145e]
V  [jvm.dll+0x7d1ac3]
V  [jvm.dll+0x242bc5]
V  [jvm.dll+0x66dac9]
V  [jvm.dll+0x662412]
V  [jvm.dll+0x300c0b]
V  [jvm.dll+0x3081a6]
V  [jvm.dll+0x357d0e]
V  [jvm.dll+0x357f3f]
V  [jvm.dll+0x2d7ec8]
V  [jvm.dll+0x2d8e34]
V  [jvm.dll+0x7a18c1]
V  [jvm.dll+0x365a91]
V  [jvm.dll+0x780d2c]
V  [jvm.dll+0x3e845f]
V  [jvm.dll+0x3e9f01]
C  [jli.dll+0x527b]
C  [ucrtbase.dll+0x21bb2]
C  [KERNEL32.DLL+0x17344]
C  [ntdll.dll+0x526b1]


---------------  P R O C E S S  ---------------

Threads class SMR info:
_java_thread_list=0x00007ff858129858, length=0, elements={
}

Java Threads: ( => current thread )

Other Threads:
  0x000001f59b0f4bc0 GCTaskThread "GC Thread#0" [stack: 0x000000d3f3400000,0x000000d3f3500000] [id=21948]
  0x000001f59b1059c0 ConcurrentGCThread "G1 Main Marker" [stack: 0x000000d3f3500000,0x000000d3f3600000] [id=21992]
  0x000001f59b1063d0 ConcurrentGCThread "G1 Conc#0" [stack: 0x000000d3f3600000,0x000000d3f3700000] [id=22012]

[error occurred during error reporting (printing all threads), id 0xc0000005, EXCEPTION_ACCESS_VIOLATION (0xc0000005) at pc=0x00007ff8579788a7]

VM state: not at safepoint (not fully initialized)

VM Mutex/Monitor currently owned by a thread:  ([mutex/lock_event])
[0x000001f59b0b1590] Heap_lock - owner thread: 0x000001f59b0b6380

Heap address: 0x0000000080a00000, size: 2038 MB, Compressed Oops mode: 32-bit

CDS archive(s) mapped at: [0x0000000000000000-0x0000000000000000-0x0000000000000000), size 0, SharedBaseAddress: 0x0000000800000000, ArchiveRelocationMode: 0.
Narrow klass base: 0x0000000000000000, Narrow klass shift: 0, Narrow klass range: 0x0

GC Precious Log:
<Empty>

Heap:
 garbage-first heap   total 0K, used 0K [0x0000000080a00000, 0x0000000100000000)
  region size 1024K, 0 young (0K), 0 survivors (0K)

[error occurred during error reporting (printing heap information), id 0xc0000005, EXCEPTION_ACCESS_VIOLATION (0xc0000005) at pc=0x00007ff857d59f19]

GC Heap History (0 events):
No events

Deoptimization events (0 events):
No events

Classes unloaded (0 events):
No events

Classes redefined (0 events):
No events

Internal exceptions (0 events):
No events

VM Operations (0 events):
No events

Events (1 events):
Event: 0.011 Loaded shared library E:\jdk-17.0.2\bin\java.dll


Dynamic libraries:
0x00007ff6ad5a0000 - 0x00007ff6ad5ae000 	E:\jdk-17.0.2\bin\java.exe
0x00007ff898cf0000 - 0x00007ff898ee8000 	C:\WINDOWS\SYSTEM32\ntdll.dll
0x00007ff8983a0000 - 0x00007ff89845d000 	C:\WINDOWS\System32\KERNEL32.DLL
0x00007ff8965f0000 - 0x00007ff8968e6000 	C:\WINDOWS\System32\KERNELBASE.dll
0x00007ff896b50000 - 0x00007ff896c50000 	C:\WINDOWS\System32\ucrtbase.dll
0x00007ff891670000 - 0x00007ff891688000 	E:\jdk-17.0.2\bin\jli.dll
0x00007ff891690000 - 0x00007ff8916aa000 	E:\jdk-17.0.2\bin\VCRUNTIME140.dll
0x00007ff898b00000 - 0x00007ff898c9f000 	C:\WINDOWS\System32\USER32.dll
0x00007ff896c50000 - 0x00007ff896c72000 	C:\WINDOWS\System32\win32u.dll
0x00007ff898ad0000 - 0x00007ff898afb000 	C:\WINDOWS\System32\GDI32.dll
0x00007ff887de0000 - 0x00007ff88807a000 	C:\WINDOWS\WinSxS\amd64_microsoft.windows.common-controls_6595b64144ccf1df_6.0.19041.3636_none_60b6a03d71f818d5\COMCTL32.dll
0x00007ff896430000 - 0x00007ff896547000 	C:\WINDOWS\System32\gdi32full.dll
0x00007ff897510000 - 0x00007ff8975ae000 	C:\WINDOWS\System32\msvcrt.dll
0x00007ff896550000 - 0x00007ff8965ed000 	C:\WINDOWS\System32\msvcp_win.dll
0x00007ff897fd0000 - 0x00007ff898002000 	C:\WINDOWS\System32\IMM32.DLL
0x00007ff892030000 - 0x00007ff89203c000 	E:\jdk-17.0.2\bin\vcruntime140_1.dll
0x00007ff868f40000 - 0x00007ff868fcd000 	E:\jdk-17.0.2\bin\msvcp140.dll
0x00007ff857690000 - 0x00007ff858251000 	E:\jdk-17.0.2\bin\server\jvm.dll
0x00007ff897c70000 - 0x00007ff897d20000 	C:\WINDOWS\System32\ADVAPI32.dll
0x00007ff897e70000 - 0x00007ff897f10000 	C:\WINDOWS\System32\sechost.dll
0x00007ff898140000 - 0x00007ff898263000 	C:\WINDOWS\System32\RPCRT4.dll
0x00007ff896cf0000 - 0x00007ff896d17000 	C:\WINDOWS\System32\bcrypt.dll
0x00007ff898ca0000 - 0x00007ff898ca8000 	C:\WINDOWS\System32\PSAPI.DLL
0x00007ff87fa70000 - 0x00007ff87fa79000 	C:\WINDOWS\SYSTEM32\WSOCK32.dll
0x00007ff898a50000 - 0x00007ff898abb000 	C:\WINDOWS\System32\WS2_32.dll
0x00007ff8892e0000 - 0x00007ff889307000 	C:\WINDOWS\SYSTEM32\WINMM.dll
0x00007ff88e8c0000 - 0x00007ff88e8ca000 	C:\WINDOWS\SYSTEM32\VERSION.dll
0x00007ff894250000 - 0x00007ff894262000 	C:\WINDOWS\SYSTEM32\kernel.appcore.dll
0x00007ff891ec0000 - 0x00007ff891eca000 	E:\jdk-17.0.2\bin\jimage.dll
0x00007ff881460000 - 0x00007ff881644000 	C:\WINDOWS\SYSTEM32\DBGHELP.DLL
0x00007ff87f020000 - 0x00007ff87f054000 	C:\WINDOWS\SYSTEM32\dbgcore.DLL
0x00007ff8963a0000 - 0x00007ff896422000 	C:\WINDOWS\System32\bcryptPrimitives.dll
0x00007ff890fe0000 - 0x00007ff891005000 	E:\jdk-17.0.2\bin\java.dll

dbghelp: loaded successfully - version: 4.0.5 - missing functions: none
symbol engine: initialized successfully - sym options: 0x614 - pdb path: .;E:\jdk-17.0.2\bin;C:\WINDOWS\SYSTEM32;C:\WINDOWS\WinSxS\amd64_microsoft.windows.common-controls_6595b64144ccf1df_6.0.19041.3636_none_60b6a03d71f818d5;E:\jdk-17.0.2\bin\server

VM Arguments:
jvm_args: -Dnet.bytebuddy.agent.attacher.dump= 
java_command: net.bytebuddy.agent.Attacher com.sun.tools.attach.VirtualMachine 20080 C:\Users\Nei\.m2\repository\net\bytebuddy\byte-buddy-agent\1.14.5\byte-buddy-agent-1.14.5.jar false 
java_class_path (initial): C:\Users\Nei\.m2\repository\net\bytebuddy\byte-buddy-agent\1.14.5\byte-buddy-agent-1.14.5.jar
Launcher Type: SUN_STANDARD

[Global flags]
     intx CICompilerCount                          = 3                                         {product} {ergonomic}
     uint ConcGCThreads                            = 1                                         {product} {ergonomic}
     uint G1ConcRefinementThreads                  = 4                                         {product} {ergonomic}
   size_t G1HeapRegionSize                         = 1048576                                   {product} {ergonomic}
    uintx GCDrainStackTargetSize                   = 64                                        {product} {ergonomic}
   size_t InitialHeapSize                          = 134217728                                 {product} {ergonomic}
   size_t MarkStackSize                            = 4194304                                   {product} {ergonomic}
   size_t MaxHeapSize                              = 2136997888                                {product} {ergonomic}
   size_t MinHeapDeltaBytes                        = 1048576                                   {product} {ergonomic}
   size_t MinHeapSize                              = 8388608                                   {product} {ergonomic}
    uintx NonNMethodCodeHeapSize                   = 5832780                                {pd product} {ergonomic}
    uintx NonProfiledCodeHeapSize                  = 122912730                              {pd product} {ergonomic}
    uintx ProfiledCodeHeapSize                     = 122912730                              {pd product} {ergonomic}
    uintx ReservedCodeCacheSize                    = 251658240                              {pd product} {ergonomic}
     bool SegmentedCodeCache                       = true                                      {product} {ergonomic}
   size_t SoftMaxHeapSize                          = 2136997888                             {manageable} {ergonomic}
     bool UseCompressedClassPointers               = true                           {product lp64_product} {ergonomic}
     bool UseCompressedOops                        = true                           {product lp64_product} {ergonomic}
     bool UseG1GC                                  = true                                      {product} {ergonomic}
     bool UseLargePagesIndividualAllocation        = false                                  {pd product} {ergonomic}

Logging:
Log output configuration:
 #0: stdout all=warning uptime,level,tags
 #1: stderr all=off uptime,level,tags

Environment Variables:
JAVA_HOME=E:\jdk-17.0.2\
PATH=C:\Program Files (x86)\Intel\iCLS Client\;C:\Program Files\Intel\iCLS Client\;C:\Windows\system32;C:\Windows;C:\Windows\System32\Wbem;C:\Windows\System32\WindowsPowerShell\v1.0\;C:\Program Files\Intel\Intel(R) Management Engine Components\DAL;C:\Program Files\Intel\Intel(R) Management Engine Components\IPT;C:\Program Files (x86)\Intel\Intel(R) Management Engine Components\DAL;C:\Program Files (x86)\Intel\Intel(R) Management Engine Components\IPT;C:\Program Files (x86)\NVIDIA Corporation\PhysX\Common;C:\WINDOWS\system32;C:\WINDOWS;C:\WINDOWS\System32\Wbem;C:\WINDOWS\System32\WindowsPowerShell\v1.0\;C:\WINDOWS\System32\OpenSSH\;E:\jdk-17.0.2\\bin;C:\Program Files\Microsoft SQL Server\130\Tools\Binn\;C:\Program Files\Microsoft SQL Server\Client SDK\ODBC\170\Tools\Binn\;C:\Program Files\dotnet\;C:\Program Files\Git\cmd;E:\apache-maven-3.9.5\bin;C:\Users\Nei\AppData\Local\Microsoft\WindowsApps;C:\Users\Nei\.dotnet\tools;C:\Users\Nei\AppData\Local\Programs\Microsoft VS Code\bin;C:\Users\Nei\AppData\Local\GitHubDesktop\bin
USERNAME=Nei
LANG=en_US.UTF-8
OS=Windows_NT
PROCESSOR_IDENTIFIER=Intel64 Family 6 Model 58 Stepping 9, GenuineIntel



---------------  S Y S T E M  ---------------

OS:
 Windows 10 , 64 bit Build 19041 (10.0.19041.3636)
OS uptime: 1 days 1:05 hours

CPU: total 4 (initial active 4) (4 cores per cpu, 1 threads per core) family 6 model 58 stepping 9 microcode 0x21, cx8, cmov, fxsr, mmx, sse, sse2, sse3, ssse3, sse4.1, sse4.2, popcnt, tsc, tscinvbit, avx, aes, erms, clmul, vzeroupper, clflush

Memory: 4k page, system-wide physical 8150M (646M free)
TotalPageFile size 16342M (AvailPageFile size 129M)
current process WorkingSet (physical memory assigned to process): 10M, peak: 10M
current process commit charge ("private bytes"): 51M, peak: 179M

vm_info: OpenJDK 64-Bit Server VM (17.0.2+8-86) for windows-amd64 JRE (17.0.2+8-86), built on Dec  7 2021 21:49:10 by "mach5one" with MS VC++ 16.8 / 16.9 (VS2019)

END.
